[00:02:05] [Server thread/INFO]: [Truji92: Set own game mode to Creative Mode]
[00:02:50] [Server thread/INFO]: [Truji92: Set own game mode to Survival Mode]
[00:03:41] [Server thread/INFO]: <Maria> alejandroi
[00:03:47] [Server thread/INFO]: <Truji92> dime
[00:03:57] [Server thread/INFO]: <Maria> dime donde esta la cueva
[00:04:07] [Server thread/INFO]: <Maria> necesito carboin y mineral para crearnos armaduras
[00:04:20] [Server thread/INFO]: <Maria> la muralla es decente ya la mejorare cuando tenga mas cosas de la cueva
[00:04:23] [Server thread/INFO]: <Truji92> ven
[00:04:32] [Server thread/INFO]: <Maria> lejos
[00:04:59] [Server thread/INFO]: <Truji92> hay otra mas grande que es como una grieta pero hay endermans abajo
[00:05:01] [Server thread/INFO]: <Maria> hay alguna manera de crear un camino o señas de aqui a la casa? una cosa trocha
[00:05:06] [Server thread/INFO]: <Truji92> es peligrosa
[00:05:07] [Server thread/INFO]: <Maria> para no perderme
[00:05:17] [Server thread/INFO]: <Truji92> estan los pilares estos
[00:05:18] [Server thread/INFO]: <Maria> empiezo cone sta como asentamiento
[00:05:24] [Server thread/INFO]: <Maria> okm
[00:05:28] [Server thread/INFO]: <Truji92> si
[00:05:34] [Server thread/INFO]: <Truji92> esta esta bien para empezar
[00:05:46] [Server thread/INFO]: <Maria> alejandro no se parten los cubos nose q pasa
[00:05:53] [Server thread/INFO]: <Maria> se parte y reaparece
[00:05:54] [Server thread/INFO]: <Truji92> que raro
[00:05:56] [Server thread/INFO]: <Maria> bug
[00:06:25] [Server thread/INFO]: <Maria> no tengo antorchas ademas como exploro la cueva
[00:08:03] [Server thread/INFO]: <Maria> no me deja poner cubos aqui
[00:08:06] [Server thread/INFO]: <Maria> ni quitar
[00:08:10] [Server thread/INFO]: <Maria> ven, miralo
[00:08:54] [Server thread/INFO]: <Maria> me pegan
[00:09:10] [Server thread/INFO]: <Maria> mora aqui
[00:09:13] [Server thread/INFO]: <Maria> es aqui
[00:09:16] [Server thread/INFO]: <Maria> en toda la entrada
[00:09:41] [Server thread/INFO]: <Maria> lo ves
[00:09:43] [Server thread/INFO]: <Maria> intentalo tu
[00:09:53] [Server thread/INFO]: <Maria> porq a ti si te deja
[00:09:58] [Server thread/INFO]: <Truji92> ni ide
[00:10:02] [Server thread/INFO]: <Maria> lo ves?
[00:10:03] [Server thread/INFO]: <Truji92> tira que es denoche
[00:10:07] [Server thread/INFO]: <Truji92> si
[00:10:49] [Server thread/INFO]: <Maria> q conste q tengo comida si quieres
[00:10:59] [Server thread/INFO]: <Maria> t
[00:11:07] [Server thread/INFO]: <Truji92> tengo
[00:11:30] [Server thread/INFO]: <Maria> no he poduido hacer nada por el bug de la cueva
[00:11:32] [Server thread/INFO]: <Truji92> por ahora xD
[00:11:36] [Server thread/INFO]: <Maria> conseguiste poner mas pollos?
[00:11:37] [Server thread/INFO]: <Truji92> muy por la cara eso
[00:11:39] [Server thread/INFO]: <Truji92> si
[00:11:43] [Server thread/INFO]: <Maria> cuantos hay
[00:11:46] [Server thread/INFO]: <Truji92> tenemos 4 o 5
[00:11:59] [Server thread/INFO]: <Maria> ok, nose q hacer, si sigue fallando la cueba
[00:12:15] [Server thread/INFO]: <Maria> ven
[00:12:19] [Server thread/INFO]: <Maria> donde pongo los cristales
[00:12:19] [Server thread/INFO]: <Truji92> cuando haya muchos cogeremos muchos huevos, podremos matar pollos y sacar nuevos pollos
[00:12:23] [Server thread/INFO]: <Truji92> carne infinita
[00:13:17] [Server thread/INFO]: <Maria> no tienes madera no?
[00:13:31] [Server thread/INFO]: <Truji92> si
[00:13:34] [Server thread/INFO]: <Maria> necesitamos la mina para avanzar....si mañana no esta arreglado q
[00:13:37] [Server thread/INFO]: <Truji92> quieres?
[00:13:42] [Server thread/INFO]: <Maria> pues termina la distribucion
[00:13:46] [Server thread/INFO]: <Maria> solo esta nuestro cuarto
[00:13:52] [Server thread/INFO]: <Truji92> no se como ponerla
[00:13:57] [Server thread/INFO]: <Truji92> toma
[00:14:20] [Server thread/INFO]: <Truji92> te he dado 64 madera
[00:14:31] [Server thread/INFO]: <Maria> eso no es justo
[00:15:33] [Server thread/INFO]: <Truji92> hay 3 montones de 64 en el baul
[00:15:42] [Server thread/INFO]: <Truji92> de madera
[00:15:48] [Server thread/INFO]: <Truji92> cuando acabemos esto a dormir
[00:15:50] [Server thread/INFO]: <Truji92> que es to tarde
[00:16:12] [Server thread/INFO]: <Truji92> pa que le pones dos puertas al cuarto? xD
[00:16:29] [Server thread/INFO]: <Maria> para poder salir por el otro lado si me apetece de momento
[00:16:33] [Server thread/INFO]: <Truji92> ok
[00:16:34] [Server thread/INFO]: <Maria> quito esto
[00:18:11] [Server thread/INFO]: <Maria> bf me falta una fila para q pueda hacer algo
[00:18:17] [Server thread/INFO]: <Truji92> xD
[00:18:27] [Server thread/INFO]: <Maria> q haces
[00:20:02] [Server thread/INFO]: <Maria> q paso
[00:20:06] [Server thread/INFO]: <Maria> t
[00:20:16] [Server thread/INFO]: <Truji92> tengo laaag
[00:21:29] [Server thread/WARN]: Truji92 moved wrongly!
[00:21:33] [Server thread/INFO]: Maria lost connection: TextComponent{text='Disconnected', siblings=[], style=Style{hasParent=false, color=null, bold=null, italic=null, underlined=null, obfuscated=null, clickEvent=null, hoverEvent=null, insertion=null}}
[00:21:33] [Server thread/INFO]: Maria left the game
[00:22:27] [Server thread/INFO]: Truji92 lost connection: TextComponent{text='Disconnected', siblings=[], style=Style{hasParent=false, color=null, bold=null, italic=null, underlined=null, obfuscated=null, clickEvent=null, hoverEvent=null, insertion=null}}
[00:22:27] [Server thread/INFO]: Truji92 left the game
[00:22:54] [Server thread/INFO]: Stopping the server
[00:22:54] [Server thread/INFO]: Stopping server
[00:22:54] [Server thread/INFO]: Saving players
[00:22:54] [Server thread/INFO]: Saving worlds
[00:22:54] [Server thread/INFO]: Saving chunks for level 'supervivencia'/Overworld
[00:22:54] [Server thread/INFO]: Saving chunks for level 'supervivencia'/Nether
[00:22:54] [Server thread/INFO]: Saving chunks for level 'supervivencia'/The End
